2018-11-16 23:08:27.0206 Info Message Template Auto Format enabled
2018-11-16 23:08:27.1768 Info Adding target File Target[fileTarget]
2018-11-16 23:08:27.1785 Info Adding target Console Target[consoleTarget]
2018-11-16 23:08:27.1868 Info Configured from an XML element in /Users/rochellegracias/Documents/GitHub/GlobalXCodingAssessment/NameSorter/NameSorter/bin/Debug/netcoreapp2.1/nlog.config...
2018-11-16 23:08:27.2160 Info Found 33 configuration items
2018-11-16 23:08:32.7995 Info Logger closing down...
2018-11-16 23:08:32.8020 Info Closing old configuration.
2018-11-16 23:08:32.8530 Info Logger has been closed down.
2018-11-16 23:08:32.8624 Info Shutting down logging...
2018-11-16 23:08:32.8712 Info Logger has been shut down.
2018-11-16 23:09:46.3400 Info Message Template Auto Format enabled
2018-11-16 23:09:46.4786 Info Adding target File Target[fileTarget]
2018-11-16 23:09:46.4802 Info Adding target Console Target[consoleTarget]
2018-11-16 23:09:46.4883 Info Configured from an XML element in /Users/rochellegracias/Documents/GitHub/GlobalXCodingAssessment/NameSorter/NameSorter/bin/Debug/netcoreapp2.1/nlog.config...
2018-11-16 23:09:46.5107 Info Found 33 configuration items
2018-11-16 23:09:48.7761 Info Logger closing down...
2018-11-16 23:09:48.7789 Info Closing old configuration.
2018-11-16 23:09:48.8479 Info Logger has been closed down.
2018-11-16 23:09:48.8539 Info Shutting down logging...
2018-11-16 23:09:48.8611 Info Logger has been shut down.
2018-11-16 23:10:20.1243 Info Message Template Auto Format enabled
2018-11-16 23:10:20.2746 Info Adding target File Target[fileTarget]
2018-11-16 23:10:20.2763 Info Adding target Console Target[consoleTarget]
2018-11-16 23:10:20.2845 Info Configured from an XML element in /Users/rochellegracias/Documents/GitHub/GlobalXCodingAssessment/NameSorter/NameSorter/bin/Debug/netcoreapp2.1/nlog.config...
2018-11-16 23:10:20.3035 Info Found 33 configuration items
2018-11-16 23:10:21.9786 Info Logger closing down...
2018-11-16 23:10:21.9810 Info Closing old configuration.
2018-11-16 23:10:22.0731 Info Logger has been closed down.
2018-11-16 23:10:22.0796 Info Shutting down logging...
2018-11-16 23:10:22.0873 Info Logger has been shut down.
2018-11-16 23:32:36.7464 Info Message Template Auto Format enabled
2018-11-16 23:32:36.8974 Info Adding target File Target[fileTarget]
2018-11-16 23:32:36.8995 Info Adding target Console Target[consoleTarget]
2018-11-16 23:32:36.9076 Info Configured from an XML element in /Users/rochellegracias/Documents/GitHub/GlobalXCodingAssessment/NameSorter/NameSorter/bin/Debug/netcoreapp2.1/nlog.config...
2018-11-16 23:32:36.9272 Info Found 33 configuration items
2018-11-16 23:32:38.7128 Info Logger closing down...
2018-11-16 23:32:38.7150 Info Closing old configuration.
2018-11-16 23:32:38.8280 Info Logger has been closed down.
2018-11-16 23:32:38.8384 Info Shutting down logging...
2018-11-16 23:32:38.8464 Info Logger has been shut down.
2018-11-16 23:34:01.9493 Info Message Template Auto Format enabled
2018-11-16 23:34:02.0981 Info Adding target File Target[fileTarget]
2018-11-16 23:34:02.0997 Info Adding target Console Target[consoleTarget]
2018-11-16 23:34:02.1079 Info Configured from an XML element in /Users/rochellegracias/Documents/GitHub/GlobalXCodingAssessment/NameSorter/NameSorter/bin/Debug/netcoreapp2.1/nlog.config...
2018-11-16 23:34:02.1277 Info Found 33 configuration items
2018-11-16 23:34:02.3837 Info Logger closing down...
2018-11-16 23:34:02.3855 Info Closing old configuration.
2018-11-16 23:34:02.4514 Info Logger has been closed down.
2018-11-16 23:34:51.1780 Info Message Template Auto Format enabled
2018-11-16 23:34:51.3555 Info Adding target File Target[fileTarget]
2018-11-16 23:34:51.3571 Info Adding target Console Target[consoleTarget]
2018-11-16 23:34:51.3653 Info Configured from an XML element in /Users/rochellegracias/Documents/GitHub/GlobalXCodingAssessment/NameSorter/NameSorter/bin/Debug/netcoreapp2.1/nlog.config...
2018-11-16 23:34:51.3855 Info Found 33 configuration items
2018-11-16 23:34:51.6134 Info Logger closing down...
2018-11-16 23:34:51.6151 Info Closing old configuration.
2018-11-16 23:34:51.6608 Info Logger has been closed down.
2018-11-16 23:35:42.9748 Info Message Template Auto Format enabled
2018-11-16 23:35:43.1653 Info Adding target File Target[fileTarget]
2018-11-16 23:35:43.1670 Info Adding target Console Target[consoleTarget]
2018-11-16 23:35:43.1751 Info Configured from an XML element in /Users/rochellegracias/Documents/GitHub/GlobalXCodingAssessment/NameSorter/NameSorter/bin/Debug/netcoreapp2.1/nlog.config...
2018-11-16 23:35:43.1949 Info Found 33 configuration items
2018-11-16 23:35:43.4173 Info Logger closing down...
2018-11-16 23:35:43.4192 Info Closing old configuration.
2018-11-16 23:35:43.4898 Info Logger has been closed down.
2018-11-16 23:39:00.7629 Info Message Template Auto Format enabled
2018-11-16 23:39:00.9444 Info Adding target File Target[fileTarget]
2018-11-16 23:39:00.9460 Info Adding target Console Target[consoleTarget]
2018-11-16 23:39:00.9543 Info Configured from an XML element in /Users/rochellegracias/Documents/GitHub/GlobalXCodingAssessment/NameSorter/NameSorter/bin/Debug/netcoreapp2.1/nlog.config...
2018-11-16 23:39:00.9739 Info Found 33 configuration items
2018-11-16 23:39:01.2202 Info Logger closing down...
2018-11-16 23:39:01.2222 Info Closing old configuration.
2018-11-16 23:39:01.2677 Info Logger has been closed down.
2018-11-16 23:39:26.9538 Info Message Template Auto Format enabled
2018-11-16 23:39:27.1483 Info Adding target File Target[fileTarget]
2018-11-16 23:39:27.1502 Info Adding target Console Target[consoleTarget]
2018-11-16 23:39:27.1585 Info Configured from an XML element in /Users/rochellegracias/Documents/GitHub/GlobalXCodingAssessment/NameSorter/NameSorter/bin/Debug/netcoreapp2.1/nlog.config...
2018-11-16 23:39:27.1776 Info Found 33 configuration items
2018-11-16 23:39:27.4174 Info Logger closing down...
2018-11-16 23:39:27.4194 Info Closing old configuration.
2018-11-16 23:39:27.4816 Info Logger has been closed down.
2018-11-16 23:40:13.7193 Info Message Template Auto Format enabled
2018-11-16 23:40:13.9227 Info Adding target File Target[fileTarget]
2018-11-16 23:40:13.9243 Info Adding target Console Target[consoleTarget]
2018-11-16 23:40:13.9328 Info Configured from an XML element in /Users/rochellegracias/Documents/GitHub/GlobalXCodingAssessment/NameSorter/NameSorter/bin/Debug/netcoreapp2.1/nlog.config...
2018-11-16 23:40:13.9524 Info Found 33 configuration items
2018-11-16 23:40:14.2198 Info Logger closing down...
2018-11-16 23:40:14.2215 Info Closing old configuration.
2018-11-16 23:40:14.2600 Info Logger has been closed down.
2018-11-16 23:41:46.4035 Info Message Template Auto Format enabled
2018-11-16 23:41:46.6228 Info Adding target File Target[fileTarget]
2018-11-16 23:41:46.6245 Info Adding target Console Target[consoleTarget]
2018-11-16 23:41:46.6331 Info Configured from an XML element in /Users/rochellegracias/Documents/GitHub/GlobalXCodingAssessment/NameSorter/NameSorter/bin/Debug/netcoreapp2.1/nlog.config...
2018-11-16 23:41:46.6532 Info Found 33 configuration items
2018-11-16 23:41:46.8802 Info Logger closing down...
2018-11-16 23:41:46.8825 Info Closing old configuration.
2018-11-16 23:41:46.9712 Info Logger has been closed down.
2018-11-16 23:42:50.3001 Info Message Template Auto Format enabled
2018-11-16 23:42:50.5181 Info Adding target File Target[fileTarget]
2018-11-16 23:42:50.5196 Info Adding target Console Target[consoleTarget]
2018-11-16 23:42:50.5276 Info Configured from an XML element in /Users/rochellegracias/Documents/GitHub/GlobalXCodingAssessment/NameSorter/NameSorter/bin/Debug/netcoreapp2.1/nlog.config...
2018-11-16 23:42:50.5467 Info Found 33 configuration items
2018-11-16 23:42:50.8135 Info Logger closing down...
2018-11-16 23:42:50.8158 Info Closing old configuration.
2018-11-16 23:42:50.8818 Info Logger has been closed down.
