DateTime::2018-11-17 17:14:37.4147||LogLevel::Fatal||Logger::NameSorter.Repositories.GetUnsortedListOfNames||System.IO.FileNotFoundException: Could not find file '/Users/rochellegracias/Documents/GitHub/GlobalXCodingAssessment/NameSorter/NameSorter/eedw'.
File name: '/Users/rochellegracias/Documents/GitHub/GlobalXCodingAssessment/NameSorter/NameSorter/eedw'
   at Interop.ThrowExceptionForIoErrno(ErrorInfo errorInfo, String path, Boolean isDirectory, Func`2 errorRewriter)
   at Microsoft.Win32.SafeHandles.SafeFileHandle.Open(String path, OpenFlags flags, Int32 mode)
   at System.IO.FileStream..ctor(String path, FileMode mode, FileAccess access, FileShare share, Int32 bufferSize, FileOptions options)
   at System.IO.StreamReader..ctor(String path, Encoding encoding, Boolean detectEncodingFromByteOrderMarks, Int32 bufferSize)
   at NameSorter.Repositories.GetUnsortedListOfNames.ReadFromFile(String fileName) in /Users/rochellegracias/Documents/GitHub/GlobalXCodingAssessment/NameSorter/NameSorter/Repositories/GetUnsortedListOfNames.cs:line 20 System.IO.FileNotFoundException: Could not find file '/Users/rochellegracias/Documents/GitHub/GlobalXCodingAssessment/NameSorter/NameSorter/eedw'.
File name: '/Users/rochellegracias/Documents/GitHub/GlobalXCodingAssessment/NameSorter/NameSorter/eedw'
   at Interop.ThrowExceptionForIoErrno(ErrorInfo errorInfo, String path, Boolean isDirectory, Func`2 errorRewriter)
   at Microsoft.Win32.SafeHandles.SafeFileHandle.Open(String path, OpenFlags flags, Int32 mode)
   at System.IO.FileStream..ctor(String path, FileMode mode, FileAccess access, FileShare share, Int32 bufferSize, FileOptions options)
   at System.IO.StreamReader..ctor(String path, Encoding encoding, Boolean detectEncodingFromByteOrderMarks, Int32 bufferSize)
   at NameSorter.Repositories.GetUnsortedListOfNames.ReadFromFile(String fileName) in /Users/rochellegracias/Documents/GitHub/GlobalXCodingAssessment/NameSorter/NameSorter/Repositories/GetUnsortedListOfNames.cs:line 20
DateTime::2018-11-17 17:16:11.4801||LogLevel::Info||Logger::NameSorter.NameSorterService||Janet Parsons 
DateTime::2018-11-17 17:16:11.5238||LogLevel::Info||Logger::NameSorter.NameSorterService||Vaughn Lewis 
DateTime::2018-11-17 17:16:11.5243||LogLevel::Info||Logger::NameSorter.NameSorterService||Adonis Julius Archer 
DateTime::2018-11-17 17:16:11.5243||LogLevel::Info||Logger::NameSorter.NameSorterService||Shelby Nathan Yoder 
DateTime::2018-11-17 17:16:11.5243||LogLevel::Info||Logger::NameSorter.NameSorterService||Marin Alvarez 
DateTime::2018-11-17 17:16:11.5243||LogLevel::Info||Logger::NameSorter.NameSorterService||London Lindsey 
DateTime::2018-11-17 17:16:11.5252||LogLevel::Info||Logger::NameSorter.NameSorterService||Beau Tristan Bentley 
DateTime::2018-11-17 17:16:11.5252||LogLevel::Info||Logger::NameSorter.NameSorterService||Leo Gardner 
DateTime::2018-11-17 17:16:11.5252||LogLevel::Info||Logger::NameSorter.NameSorterService||Hunter Uriah Mathew Clarke 
DateTime::2018-11-17 17:16:11.5252||LogLevel::Info||Logger::NameSorter.NameSorterService||Mikayla Lopez 
DateTime::2018-11-17 17:16:11.5252||LogLevel::Info||Logger::NameSorter.NameSorterService||Frankie Conner Ritter 
DateTime::2018-11-17 17:16:11.5307||LogLevel::Info||Logger::NameSorter.Program||HAHAHAHHAHAHHAHA 
